<?xml version="1.0" encoding="UTF-8"?>
<!-- Generated by org.testng.reporters.JUnitXMLReporter -->
<testsuite ignored="2" hostname="vishal" failures="0" tests="1" name="Test" time="3.566" errors="0" timestamp="2025-07-22T10:32:33 IST">
  <testcase classname="testCases.TC001_AccountRegistrationTest" name="verify_account_regestration" time="1.589"/>
  <testcase classname="testCases.TC003_LoginDDT" name="verify_loginDDT" time="0.0">
    <ignored/>
  </testcase> <!-- verify_loginDDT -->
  <testcase classname="testCases.TC002_LoginTest" name="verify_login" time="0.0">
    <ignored/>
  </testcase> <!-- verify_login -->
</testsuite> <!-- Test -->
