<?xml version="1.0" encoding="UTF-8"?>
<!-- Generated by org.testng.reporters.JUnitXMLReporter -->
<testsuite ignored="1" hostname="vishal" failures="0" tests="2" name="Test" time="8.294" errors="0" timestamp="2025-07-06T01:59:32 IST">
  <testcase classname="testCases.TC001_AccountRegistrationTest" name="verify_account_regestration" time="1.84"/>
  <testcase classname="testCases.TC002_LoginTest" name="verify_login" time="1.244"/>
  <testcase classname="testCases.TC003_LoginDDT" name="verify_loginDDT" time="0.0">
    <ignored/>
  </testcase> <!-- verify_loginDDT -->
</testsuite> <!-- Test -->
