<?xml version="1.0" encoding="UTF-8"?>
<testsuite xmlns:xsi="http://www.w3.org/2001/XMLSchema-instance" xsi:noNamespaceSchemaLocation="https://maven.apache.org/surefire/maven-surefire-plugin/xsd/surefire-test-report.xsd" version="3.0.2" name="TestSuite" time="17.784" tests="4" errors="0" skipped="0" failures="0">
  <properties>
[...]
</properties>
  <testcase name="verify_account_regestration" classname="testCases.TC001_AccountRegistrationTest" time="1.475">
    <system-out><![CDATA[2025-03-20T09:55:39.852510300Z main INFO Starting configuration XmlConfiguration[location=C:\Users\visha\eclipse-workspace\OpencartV121\target\test-classes\log4j2.xml, lastModified=2025-03-18T09:50:58.953Z]...
2025-03-20T09:55:39.853499200Z main INFO Start watching for changes to C:\Users\visha\eclipse-workspace\OpencartV121\target\test-classes\log4j2.xml every 0 seconds
2025-03-20T09:55:39.853499200Z main INFO Configuration XmlConfiguration[location=C:\Users\visha\eclipse-workspace\OpencartV121\target\test-classes\log4j2.xml, lastModified=2025-03-18T09:50:58.953Z] started.
2025-03-20T09:55:39.856493900Z main INFO Stopping configuration org.apache.logging.log4j.core.config.DefaultConfiguration@402e37bc...
2025-03-20T09:55:39.856493900Z main INFO Configuration org.apache.logging.log4j.core.config.DefaultConfiguration@402e37bc stopped.
15:25:39.956 [main] WARN  org.testng.TestNG - Ignoring duplicate listener : utilities.ExtentReportManager
15:25:43.107 [main] INFO  testCases.TC001_AccountRegistrationTest - ***** Starting TC001_AccountRegistrationTest *****
15:25:43.191 [main] INFO  testCases.TC001_AccountRegistrationTest - Clicked on MyAccount Link 
15:25:43.545 [main] INFO  testCases.TC001_AccountRegistrationTest - Clicked on Register Link 
15:25:43.547 [main] INFO  testCases.TC001_AccountRegistrationTest - Providing customer details....
15:25:44.533 [main] INFO  testCases.TC001_AccountRegistrationTest - Validation expected message...
15:25:44.568 [main] INFO  testCases.TC001_AccountRegistrationTest - ***** Finished TC001_AccountRegistrationTest *****
]]></system-out>
    <system-err><![CDATA[Mar 20, 2025 3:25:41 PM org.openqa.selenium.devtools.CdpVersionFinder findNearestMatch
WARNING: Unable to find an exact match for CDP version 134, returning the closest version; found: 133; Please update to a Selenium version that supports CDP version 134
]]></system-err>
  </testcase>
  <testcase name="verify_account_regestration" classname="testCases.TC001_AccountRegistrationTest" time="1.499">
    <system-out><![CDATA[15:25:51.383 [main] INFO  testCases.TC001_AccountRegistrationTest - ***** Starting TC001_AccountRegistrationTest *****
15:25:51.450 [main] INFO  testCases.TC001_AccountRegistrationTest - Clicked on MyAccount Link 
15:25:51.801 [main] INFO  testCases.TC001_AccountRegistrationTest - Clicked on Register Link 
15:25:51.802 [main] INFO  testCases.TC001_AccountRegistrationTest - Providing customer details....
15:25:52.851 [main] INFO  testCases.TC001_AccountRegistrationTest - Validation expected message...
15:25:52.881 [main] INFO  testCases.TC001_AccountRegistrationTest - ***** Finished TC001_AccountRegistrationTest *****
]]></system-out>
    <system-err><![CDATA[Mar 20, 2025 3:25:50 PM org.openqa.selenium.devtools.CdpVersionFinder findNearestMatch
WARNING: Unable to find an exact match for CDP version 134, returning the closest version; found: 133; Please update to a Selenium version that supports CDP version 134
]]></system-err>
  </testcase>
  <testcase name="verify_login" classname="testCases.TC002_LoginTest" time="1.366">
    <system-out><![CDATA[15:25:46.841 [main] INFO  testCases.TC002_LoginTest - ***** Starting TC_002_LoginTest *****
15:25:48.206 [main] INFO  testCases.TC002_LoginTest - ***** Finished TC_002_LoginTest *****
]]></system-out>
    <system-err><![CDATA[Mar 20, 2025 3:25:45 PM org.openqa.selenium.devtools.CdpVersionFinder findNearestMatch
WARNING: Unable to find an exact match for CDP version 134, returning the closest version; found: 133; Please update to a Selenium version that supports CDP version 134
]]></system-err>
  </testcase>
  <testcase name="verify_login" classname="testCases.TC002_LoginTest" time="1.408">
    <system-out><![CDATA[15:25:55.220 [main] INFO  testCases.TC002_LoginTest - ***** Starting TC_002_LoginTest *****
15:25:56.627 [main] INFO  testCases.TC002_LoginTest - ***** Finished TC_002_LoginTest *****
]]></system-out>
    <system-err><![CDATA[Mar 20, 2025 3:25:53 PM org.openqa.selenium.devtools.CdpVersionFinder findNearestMatch
WARNING: Unable to find an exact match for CDP version 134, returning the closest version; found: 133; Please update to a Selenium version that supports CDP version 134
]]></system-err>
  </testcase>
</testsuite>