<?xml version="1.0" encoding="UTF-8"?>
<testng-results ignored="2" total="5" passed="3" failed="0" skipped="0">
  <reporter-output>
  </reporter-output>
  <suite started-at="2025-07-22T10:32:21 IST" name="Master Suite" finished-at="2025-07-22T10:32:28 IST" duration-ms="7446">
    <groups>
      <group name="Master">
        <method signature="TC001_AccountRegistrationTest.verify_account_regestration()[pri:0, instance:testCases.TC001_AccountRegistrationTest@4b41dd5c]" name="verify_account_regestration" class="testCases.TC001_AccountRegistrationTest"/>
        <method signature="TC002_LoginTest.verify_login()[pri:0, instance:testCases.TC002_LoginTest@3899782c]" name="verify_login" class="testCases.TC002_LoginTest"/>
      </group> <!-- Master -->
      <group name="Sanity">
        <method signature="TC002_LoginTest.verify_login()[pri:0, instance:testCases.TC002_LoginTest@3899782c]" name="verify_login" class="testCases.TC002_LoginTest"/>
      </group> <!-- Sanity -->
      <group name="Regression">
        <method signature="TC001_AccountRegistrationTest.verify_account_regestration()[pri:0, instance:testCases.TC001_AccountRegistrationTest@4b41dd5c]" name="verify_account_regestration" class="testCases.TC001_AccountRegistrationTest"/>
      </group> <!-- Regression -->
    </groups>
    <test started-at="2025-07-22T10:32:21 IST" name="Test" finished-at="2025-07-22T10:32:28 IST" duration-ms="7446">
      <class name="testCases.TC002_LoginTest">
        <test-method is-config="true" signature="setup(java.lang.String,java.lang.String)[pri:0, instance:testCases.TC002_LoginTest@3899782c]" started-at="2025-07-22T10:32:25 IST" name="setup" finished-at="2025-07-22T10:32:27 IST" duration-ms="1736" status="PASS">
          <params>
            <param index="0">
              <value>
                <![CDATA[Windows]]>
              </value>
            </param>
            <param index="1">
              <value>
                <![CDATA[chrome]]>
              </value>
            </param>
          </params>
          <reporter-output>
          </reporter-output>
        </test-method> <!-- setup -->
        <test-method signature="verify_login()[pri:0, instance:testCases.TC002_LoginTest@3899782c]" started-at="2025-07-22T10:32:27 IST" name="verify_login" finished-at="2025-07-22T10:32:28 IST" duration-ms="1343" status="PASS">
          <reporter-output>
          </reporter-output>
        </test-method> <!-- verify_login -->
        <test-method is-config="true" signature="tearDown()[pri:0, instance:testCases.TC002_LoginTest@3899782c]" started-at="2025-07-22T10:32:28 IST" name="tearDown" finished-at="2025-07-22T10:32:28 IST" duration-ms="133" status="PASS">
          <reporter-output>
          </reporter-output>
        </test-method> <!-- tearDown -->
      </class> <!-- testCases.TC002_LoginTest -->
      <class name="testCases.TC001_AccountRegistrationTest">
        <test-method is-config="true" signature="setup(java.lang.String,java.lang.String)[pri:0, instance:testCases.TC001_AccountRegistrationTest@4b41dd5c]" started-at="2025-07-22T10:32:21 IST" name="setup" finished-at="2025-07-22T10:32:23 IST" duration-ms="2336" status="PASS">
          <params>
            <param index="0">
              <value>
                <![CDATA[Windows]]>
              </value>
            </param>
            <param index="1">
              <value>
                <![CDATA[chrome]]>
              </value>
            </param>
          </params>
          <reporter-output>
          </reporter-output>
        </test-method> <!-- setup -->
        <test-method signature="verify_account_regestration()[pri:0, instance:testCases.TC001_AccountRegistrationTest@4b41dd5c]" started-at="2025-07-22T10:32:23 IST" name="verify_account_regestration" finished-at="2025-07-22T10:32:25 IST" duration-ms="1597" status="PASS">
          <reporter-output>
          </reporter-output>
        </test-method> <!-- verify_account_regestration -->
        <test-method is-config="true" signature="tearDown()[pri:0, instance:testCases.TC001_AccountRegistrationTest@4b41dd5c]" started-at="2025-07-22T10:32:25 IST" name="tearDown" finished-at="2025-07-22T10:32:25 IST" duration-ms="141" status="PASS">
          <reporter-output>
          </reporter-output>
        </test-method> <!-- tearDown -->
      </class> <!-- testCases.TC001_AccountRegistrationTest -->
    </test> <!-- Test -->
  </suite> <!-- Master Suite -->
  <suite started-at="2025-07-22T10:32:29 IST" name="grouping" finished-at="2025-07-22T10:32:33 IST" duration-ms="3566">
    <groups>
      <group name="Master">
        <method signature="TC001_AccountRegistrationTest.verify_account_regestration()[pri:0, instance:testCases.TC001_AccountRegistrationTest@6bffbc6d]" name="verify_account_regestration" class="testCases.TC001_AccountRegistrationTest"/>
      </group> <!-- Master -->
      <group name="Regression">
        <method signature="TC001_AccountRegistrationTest.verify_account_regestration()[pri:0, instance:testCases.TC001_AccountRegistrationTest@6bffbc6d]" name="verify_account_regestration" class="testCases.TC001_AccountRegistrationTest"/>
      </group> <!-- Regression -->
    </groups>
    <test started-at="2025-07-22T10:32:29 IST" name="Test" finished-at="2025-07-22T10:32:33 IST" duration-ms="3566">
      <class name="testCases.TC001_AccountRegistrationTest">
        <test-method is-config="true" signature="setup(java.lang.String,java.lang.String)[pri:0, instance:testCases.TC001_AccountRegistrationTest@6bffbc6d]" started-at="2025-07-22T10:32:29 IST" name="setup" finished-at="2025-07-22T10:32:31 IST" duration-ms="1862" status="PASS">
          <params>
            <param index="0">
              <value>
                <![CDATA[Windows]]>
              </value>
            </param>
            <param index="1">
              <value>
                <![CDATA[chrome]]>
              </value>
            </param>
          </params>
          <reporter-output>
          </reporter-output>
        </test-method> <!-- setup -->
        <test-method signature="verify_account_regestration()[pri:0, instance:testCases.TC001_AccountRegistrationTest@6bffbc6d]" started-at="2025-07-22T10:32:31 IST" name="verify_account_regestration" finished-at="2025-07-22T10:32:33 IST" duration-ms="1589" status="PASS">
          <reporter-output>
          </reporter-output>
        </test-method> <!-- verify_account_regestration -->
        <test-method is-config="true" signature="tearDown()[pri:0, instance:testCases.TC001_AccountRegistrationTest@6bffbc6d]" started-at="2025-07-22T10:32:33 IST" name="tearDown" finished-at="2025-07-22T10:32:33 IST" duration-ms="112" status="PASS">
          <reporter-output>
          </reporter-output>
        </test-method> <!-- tearDown -->
      </class> <!-- testCases.TC001_AccountRegistrationTest -->
    </test> <!-- Test -->
  </suite> <!-- grouping -->
</testng-results>
