<?xml version="1.0" encoding="UTF-8"?>
<testng-results ignored="0" total="4" passed="4" failed="0" skipped="0">
  <reporter-output>
  </reporter-output>
  <suite started-at="2025-03-20T01:23:51 IST" name="Suite" finished-at="2025-03-20T01:24:13 IST" duration-ms="21182">
    <groups>
      <group name="Master">
        <method signature="TC001_AccountRegistrationTest.verify_account_regestration()[pri:0, instance:testCases.TC001_AccountRegistrationTest@4f1bfe23]" name="verify_account_regestration" class="testCases.TC001_AccountRegistrationTest"/>
        <method signature="TC002_LoginTest.verify_login()[pri:0, instance:testCases.TC002_LoginTest@5adb0db3]" name="verify_login" class="testCases.TC002_LoginTest"/>
        <method signature="TC001_AccountRegistrationTest.verify_account_regestration()[pri:0, instance:testCases.TC001_AccountRegistrationTest@15dcfae7]" name="verify_account_regestration" class="testCases.TC001_AccountRegistrationTest"/>
        <method signature="TC002_LoginTest.verify_login()[pri:0, instance:testCases.TC002_LoginTest@3da05287]" name="verify_login" class="testCases.TC002_LoginTest"/>
      </group> <!-- Master -->
      <group name="Sanity">
        <method signature="TC002_LoginTest.verify_login()[pri:0, instance:testCases.TC002_LoginTest@5adb0db3]" name="verify_login" class="testCases.TC002_LoginTest"/>
        <method signature="TC002_LoginTest.verify_login()[pri:0, instance:testCases.TC002_LoginTest@3da05287]" name="verify_login" class="testCases.TC002_LoginTest"/>
      </group> <!-- Sanity -->
      <group name="Regression">
        <method signature="TC001_AccountRegistrationTest.verify_account_regestration()[pri:0, instance:testCases.TC001_AccountRegistrationTest@4f1bfe23]" name="verify_account_regestration" class="testCases.TC001_AccountRegistrationTest"/>
        <method signature="TC001_AccountRegistrationTest.verify_account_regestration()[pri:0, instance:testCases.TC001_AccountRegistrationTest@15dcfae7]" name="verify_account_regestration" class="testCases.TC001_AccountRegistrationTest"/>
      </group> <!-- Regression -->
    </groups>
    <test started-at="2025-03-20T01:23:51 IST" name="Linux-Chrome" finished-at="2025-03-20T01:23:59 IST" duration-ms="7596">
      <class name="testCases.TC002_LoginTest">
        <test-method is-config="true" signature="setup(java.lang.String,java.lang.String)[pri:0, instance:testCases.TC002_LoginTest@5adb0db3]" started-at="2025-03-20T01:23:56 IST" name="setup" finished-at="2025-03-20T01:23:57 IST" duration-ms="1610" status="PASS">
          <params>
            <param index="0">
              <value>
                <![CDATA[Linux]]>
              </value>
            </param>
            <param index="1">
              <value>
                <![CDATA[chrome]]>
              </value>
            </param>
          </params>
          <reporter-output>
          </reporter-output>
        </test-method> <!-- setup -->
        <test-method signature="verify_login()[pri:0, instance:testCases.TC002_LoginTest@5adb0db3]" started-at="2025-03-20T01:23:57 IST" name="verify_login" finished-at="2025-03-20T01:23:59 IST" duration-ms="1458" status="PASS">
          <reporter-output>
          </reporter-output>
        </test-method> <!-- verify_login -->
        <test-method is-config="true" signature="tearDown()[pri:0, instance:testCases.TC002_LoginTest@5adb0db3]" started-at="2025-03-20T01:23:59 IST" name="tearDown" finished-at="2025-03-20T01:23:59 IST" duration-ms="77" status="PASS">
          <reporter-output>
          </reporter-output>
        </test-method> <!-- tearDown -->
      </class> <!-- testCases.TC002_LoginTest -->
      <class name="testCases.TC001_AccountRegistrationTest">
        <test-method is-config="true" signature="setup(java.lang.String,java.lang.String)[pri:0, instance:testCases.TC001_AccountRegistrationTest@4f1bfe23]" started-at="2025-03-20T01:23:52 IST" name="setup" finished-at="2025-03-20T01:23:54 IST" duration-ms="2162" status="PASS">
          <params>
            <param index="0">
              <value>
                <![CDATA[Linux]]>
              </value>
            </param>
            <param index="1">
              <value>
                <![CDATA[chrome]]>
              </value>
            </param>
          </params>
          <reporter-output>
          </reporter-output>
        </test-method> <!-- setup -->
        <test-method signature="verify_account_regestration()[pri:0, instance:testCases.TC001_AccountRegistrationTest@4f1bfe23]" started-at="2025-03-20T01:23:54 IST" name="verify_account_regestration" finished-at="2025-03-20T01:23:56 IST" duration-ms="2021" status="PASS">
          <reporter-output>
          </reporter-output>
        </test-method> <!-- verify_account_regestration -->
        <test-method is-config="true" signature="tearDown()[pri:0, instance:testCases.TC001_AccountRegistrationTest@4f1bfe23]" started-at="2025-03-20T01:23:56 IST" name="tearDown" finished-at="2025-03-20T01:23:56 IST" duration-ms="80" status="PASS">
          <reporter-output>
          </reporter-output>
        </test-method> <!-- tearDown -->
      </class> <!-- testCases.TC001_AccountRegistrationTest -->
    </test> <!-- Linux-Chrome -->
    <test started-at="2025-03-20T01:24:00 IST" name="Linux-Firefox" finished-at="2025-03-20T01:24:13 IST" duration-ms="12863">
      <class name="testCases.TC002_LoginTest">
        <test-method is-config="true" signature="setup(java.lang.String,java.lang.String)[pri:0, instance:testCases.TC002_LoginTest@3da05287]" started-at="2025-03-20T01:24:07 IST" name="setup" finished-at="2025-03-20T01:24:10 IST" duration-ms="3538" status="PASS">
          <params>
            <param index="0">
              <value>
                <![CDATA[Linux]]>
              </value>
            </param>
            <param index="1">
              <value>
                <![CDATA[firefox]]>
              </value>
            </param>
          </params>
          <reporter-output>
          </reporter-output>
        </test-method> <!-- setup -->
        <test-method signature="verify_login()[pri:0, instance:testCases.TC002_LoginTest@3da05287]" started-at="2025-03-20T01:24:10 IST" name="verify_login" finished-at="2025-03-20T01:24:12 IST" duration-ms="1732" status="PASS">
          <reporter-output>
          </reporter-output>
        </test-method> <!-- verify_login -->
        <test-method is-config="true" signature="tearDown()[pri:0, instance:testCases.TC002_LoginTest@3da05287]" started-at="2025-03-20T01:24:12 IST" name="tearDown" finished-at="2025-03-20T01:24:13 IST" duration-ms="620" status="PASS">
          <reporter-output>
          </reporter-output>
        </test-method> <!-- tearDown -->
      </class> <!-- testCases.TC002_LoginTest -->
      <class name="testCases.TC001_AccountRegistrationTest">
        <test-method is-config="true" signature="setup(java.lang.String,java.lang.String)[pri:0, instance:testCases.TC001_AccountRegistrationTest@15dcfae7]" started-at="2025-03-20T01:24:00 IST" name="setup" finished-at="2025-03-20T01:24:04 IST" duration-ms="4164" status="PASS">
          <params>
            <param index="0">
              <value>
                <![CDATA[Linux]]>
              </value>
            </param>
            <param index="1">
              <value>
                <![CDATA[firefox]]>
              </value>
            </param>
          </params>
          <reporter-output>
          </reporter-output>
        </test-method> <!-- setup -->
        <test-method signature="verify_account_regestration()[pri:0, instance:testCases.TC001_AccountRegistrationTest@15dcfae7]" started-at="2025-03-20T01:24:04 IST" name="verify_account_regestration" finished-at="2025-03-20T01:24:06 IST" duration-ms="2175" status="PASS">
          <reporter-output>
          </reporter-output>
        </test-method> <!-- verify_account_regestration -->
        <test-method is-config="true" signature="tearDown()[pri:0, instance:testCases.TC001_AccountRegistrationTest@15dcfae7]" started-at="2025-03-20T01:24:06 IST" name="tearDown" finished-at="2025-03-20T01:24:07 IST" duration-ms="627" status="PASS">
          <reporter-output>
          </reporter-output>
        </test-method> <!-- tearDown -->
      </class> <!-- testCases.TC001_AccountRegistrationTest -->
    </test> <!-- Linux-Firefox -->
  </suite> <!-- Suite -->
</testng-results>
