<?xml version="1.0" encoding="UTF-8"?>
<!-- Generated by org.testng.reporters.JUnitXMLReporter -->
<testsuite ignored="1" hostname="vishal" failures="0" tests="2" name="Test" time="7.983" errors="0" timestamp="2025-03-19T17:19:14 IST">
  <testcase classname="testCases.TC001_AccountRegistrationTest" name="verify_account_regestration" time="1.526"/>
  <testcase classname="testCases.TC002_LoginTest" name="verify_login" time="1.15"/>
  <testcase classname="testCases.TC003_LoginDDT" name="verify_loginDDT" time="0.0">
    <ignored/>
  </testcase> <!-- verify_loginDDT -->
</testsuite> <!-- Test -->
